[debug] [2025-06-11T22:08:42.785Z] ----------------------------------------------------------------------
[debug] [2025-06-11T22:08:42.787Z] Command:       C:\Program Files\nodejs\node.exe C:\Users\FUNCIONARIO\AppData\Roaming\npm\node_modules\firebase-tools\lib\bin\firebase.js init
[debug] [2025-06-11T22:08:42.788Z] CLI Version:   14.6.0
[debug] [2025-06-11T22:08:42.788Z] Platform:      win32
[debug] [2025-06-11T22:08:42.788Z] Node Version:  v20.13.1
[debug] [2025-06-11T22:08:42.788Z] Time:          Wed Jun 11 2025 17:08:42 GMT-0500 (hora estándar de Colombia)
[debug] [2025-06-11T22:08:42.788Z] ----------------------------------------------------------------------
[debug] 
[debug] [2025-06-11T22:08:42.791Z] >>> [apiv2][query] GET https://firebase-public.firebaseio.com/cli.json [none]
[debug] [2025-06-11T22:08:42.837Z] > command requires scopes: ["email","openid","https://www.googleapis.com/auth/cloudplatformprojects.readonly","https://www.googleapis.com/auth/firebase","https://www.googleapis.com/auth/cloud-platform"]
[debug] [2025-06-11T22:08:42.837Z] > authorizing via signed-in user (laurasofiag1012@gmail.com)
[info] 
     ######## #### ########  ######## ########     ###     ######  ########
     ##        ##  ##     ## ##       ##     ##  ##   ##  ##       ##
     ######    ##  ########  ######   ########  #########  ######  ######
     ##        ##  ##    ##  ##       ##     ## ##     ##       ## ##
     ##       #### ##     ## ######## ########  ##     ##  ######  ########

You're about to initialize a Firebase project in this directory:

  C:\Users\FUNCIONARIO\Documents\PROYECTO FINAL - 3066773\CardioLIFE

[debug] [2025-06-11T22:08:43.033Z] <<< [apiv2][status] GET https://firebase-public.firebaseio.com/cli.json 200
[debug] [2025-06-11T22:08:43.034Z] <<< [apiv2][body] GET https://firebase-public.firebaseio.com/cli.json {"cloudBuildErrorAfter":1594252800000,"cloudBuildWarnAfter":1590019200000,"defaultNode10After":1594252800000,"minVersion":"3.0.5","node8DeploysDisabledAfter":1613390400000,"node8RuntimeDisabledAfter":1615809600000,"node8WarnAfter":1600128000000}
[info] 
=== Project Setup
[info] 
[info] First, let's associate this project directory with a Firebase project.
[info] You can create multiple project aliases by running firebase use --add, 
[info] but for now we'll just set up a default project.
[info] 
[debug] [2025-06-11T22:09:36.846Z] Checked if tokens are valid: false, expires at: 1719599238099
[debug] [2025-06-11T22:09:36.846Z] Checked if tokens are valid: false, expires at: 1719599238099
[debug] [2025-06-11T22:09:36.846Z] > refreshing access token with scopes: []
[debug] [2025-06-11T22:09:36.847Z] >>> [apiv2][query] POST https://www.googleapis.com/oauth2/v3/token [none]
[debug] [2025-06-11T22:09:36.847Z] >>> [apiv2][body] POST https://www.googleapis.com/oauth2/v3/token [omitted]
[debug] [2025-06-11T22:09:37.021Z] <<< [apiv2][status] POST https://www.googleapis.com/oauth2/v3/token 400
[debug] [2025-06-11T22:09:37.022Z] <<< [apiv2][body] POST https://www.googleapis.com/oauth2/v3/token [omitted]
[debug] [2025-06-11T22:09:37.025Z] >>> [apiv2][query] GET https://firebase.googleapis.com/v1beta1/projects pageSize=100
[debug] [2025-06-11T22:09:37.260Z] <<< [apiv2][status] GET https://firebase.googleapis.com/v1beta1/projects 401
[debug] [2025-06-11T22:09:37.261Z] <<< [apiv2][body] GET https://firebase.googleapis.com/v1beta1/projects [omitted]
[debug] [2025-06-11T22:09:37.261Z] Got a 401 Unauthenticated error for a call that required authentication. Refreshing tokens.
[debug] [2025-06-11T22:09:37.261Z] Checked if tokens are valid: false, expires at: 1719599238099
[debug] [2025-06-11T22:09:37.262Z] Checked if tokens are valid: false, expires at: 1719599238099
[debug] [2025-06-11T22:09:37.262Z] > refreshing access token with scopes: []
[debug] [2025-06-11T22:09:37.263Z] >>> [apiv2][query] POST https://www.googleapis.com/oauth2/v3/token [none]
[debug] [2025-06-11T22:09:37.263Z] >>> [apiv2][body] POST https://www.googleapis.com/oauth2/v3/token [omitted]
[debug] [2025-06-11T22:09:37.360Z] <<< [apiv2][status] POST https://www.googleapis.com/oauth2/v3/token 400
[debug] [2025-06-11T22:09:37.360Z] <<< [apiv2][body] POST https://www.googleapis.com/oauth2/v3/token [omitted]
[debug] [2025-06-11T22:09:37.363Z] Request to https://firebase.googleapis.com/v1beta1/projects?pageSize=100 had HTTP Error: 401, Request had invalid authentication credentials. Expected OAuth 2 access token, login cookie or other valid authentication credential. See https://developers.google.com/identity/sign-in/web/devconsole-project.
[debug] [2025-06-11T22:09:37.537Z] FirebaseError: Request to https://firebase.googleapis.com/v1beta1/projects?pageSize=100 had HTTP Error: 401, Request had invalid authentication credentials. Expected OAuth 2 access token, login cookie or other valid authentication credential. See https://developers.google.com/identity/sign-in/web/devconsole-project.
    at responseToError (C:\Users\FUNCIONARIO\AppData\Roaming\npm\node_modules\firebase-tools\lib\responseToError.js:52:12)
    at RetryOperation._fn (C:\Users\FUNCIONARIO\AppData\Roaming\npm\node_modules\firebase-tools\lib\apiv2.js:312:77)
    at process.processTicksAndRejections (node:internal/process/task_queues:95:5)
[error] 
[error] Error: Failed to list Firebase projects. See firebase-debug.log for more info.
